\BOOKMARK [1][-]{section.1}{\376\377\000P\000a\000r\000t\000\040\0001}{}% 1
\BOOKMARK [2][-]{subsection.1.1}{\376\377\000D\000i\000s\000e\000n\000y\000\040\000J\000e\000r\000a\000r\000q\000u\000i\000c}{section.1}% 2
\BOOKMARK [2][-]{subsection.1.2}{\376\377\000C\000o\000m\000p\000t\000a\000d\000o\000r\000B\000C\000D}{section.1}% 3
\BOOKMARK [2][-]{subsection.1.3}{\376\377\000C\000o\000m\000p\000a\000r\000a\000d\000o\000r\000B\000C\000D}{section.1}% 4
\BOOKMARK [2][-]{subsection.1.4}{\376\377\000C\000o\000n\000t\000r\000o\000l}{section.1}% 5
\BOOKMARK [2][-]{subsection.1.5}{\376\377\000R\000e\000g\000i\000s\000t\000r\000e\000s}{section.1}% 6
\BOOKMARK [2][-]{subsection.1.6}{\376\377\000k\000e\000y\000g\000r\000o\000u\000p}{section.1}% 7
\BOOKMARK [2][-]{subsection.1.7}{\376\377\000J\000o\000c}{section.1}% 8
\BOOKMARK [2][-]{subsection.1.8}{\376\377\000J\000o\000c\000\040\000P\000l\000a\000c\000a}{section.1}% 9
\BOOKMARK [1][-]{section.2}{\376\377\000P\000a\000r\000t\000\040\000E\000x\000t\000r\000a}{}% 10
\BOOKMARK [2][-]{subsection.2.1}{\376\377\000C\000o\000m\000p\000t\000a\000d\000o\000r\000B\000C\000D\000\040\000E\000x\000t\000r\000a}{section.2}% 11
\BOOKMARK [2][-]{subsection.2.2}{\376\377\000R\000e\000g\000i\000s\000t\000r\000e\000s\000\040\000E\000x\000t\000r\000a}{section.2}% 12
\BOOKMARK [2][-]{subsection.2.3}{\376\377\000K\000e\000y\000g\000r\000o\000u\000p\000\040\000E\000x\000t\000r\000a}{section.2}% 13
\BOOKMARK [2][-]{subsection.2.4}{\376\377\000C\000o\000n\000t\000r\000o\000l\000\040\000E\000x\000t\000r\000a}{section.2}% 14
\BOOKMARK [2][-]{subsection.2.5}{\376\377\000T\000r\000a\000m\000p\000e\000s}{section.2}% 15
\BOOKMARK [2][-]{subsection.2.6}{\376\377\000L\000e\000d\000s}{section.2}% 16
\BOOKMARK [2][-]{subsection.2.7}{\376\377\000T\000e\000m\000p\000o\000r\000i\000t\000z\000a\000d\000o\000r}{section.2}% 17
\BOOKMARK [2][-]{subsection.2.8}{\376\377\000S\000l\000o\000w\000\040\000T\000i\000m\000e\000r}{section.2}% 18
\BOOKMARK [2][-]{subsection.2.9}{\376\377\000J\000o\000c\000\040\000E\000x\000t\000r\000a}{section.2}% 19
\BOOKMARK [2][-]{subsection.2.10}{\376\377\000J\000o\000c\000\040\000E\000x\000t\000r\000a\000\040\000P\000l\000a\000c\000a}{section.2}% 20
